<?xml version="1.0" encoding="UTF-8"?>
<!-- Generated by org.testng.reporters.JUnitXMLReporter -->
<testsuite ignored="1" hostname="DESKTOP-U1VNJ3I" failures="0" tests="1" name="Default test" time="23.774" errors="0" timestamp="2023-02-27T15:14:47 IST">
  <testcase classname="com.nop.testLayer.RegisterPageTest" name="registerWithValidPwd" time="11.212"/>
  <testcase classname="com.nop.testLayer.RegisterPageTest" name="registerWithValidPwd2" time="0.0">
    <ignored/>
  </testcase> <!-- registerWithValidPwd2 -->
</testsuite> <!-- Default test -->
