<?xml version="1.0" encoding="UTF-8"?>
<!-- Generated by org.testng.reporters.JUnitXMLReporter -->
<testsuite ignored="6" hostname="DESKTOP-U1VNJ3I" failures="0" tests="5" name="Test" time="171.12" errors="0" timestamp="2023-03-01T16:08:24 IST">
  <testcase classname="com.nop.testLayer.RegisterPageTest" name="registerWithValidPwd" time="14.482"/>
  <testcase classname="com.nop.testLayer.RegisterPageTest" name="registerWithValidPwd2" time="5.07"/>
  <testcase classname="com.nop.testLayer.BuyProductFunctionalityTest" name="buyDeskTop" time="13.097"/>
  <testcase classname="com.nop.testLayer.LoginFunctionalityTest" name="checkTest" time="7.167"/>
  <testcase classname="com.nop.testLayer.LoginFunctionalityTest" name="checkTest" time="3.739"/>
  <testcase classname="com.nop.baseTest4.BaseTest4" name="@BeforeTest start" time="0.0">
    <ignored/>
  </testcase> <!-- @BeforeTest start -->
  <testcase classname="com.nop.baseTest4.BaseTest4" name="@AfterTest finish" time="0.0">
    <ignored/>
  </testcase> <!-- @AfterTest finish -->
  <testcase classname="com.nop.baseTest4.BaseTest4" name="@BeforeTest start" time="0.0">
    <ignored/>
  </testcase> <!-- @BeforeTest start -->
  <testcase classname="com.nop.baseTest4.BaseTest4" name="@AfterTest finish" time="0.0">
    <ignored/>
  </testcase> <!-- @AfterTest finish -->
  <testcase classname="com.nop.baseTest4.BaseTest4" name="@AfterTest finish" time="0.0">
    <ignored/>
  </testcase> <!-- @AfterTest finish -->
  <testcase classname="com.nop.baseTest4.BaseTest4" name="@BeforeTest start" time="0.0">
    <ignored/>
  </testcase> <!-- @BeforeTest start -->
</testsuite> <!-- Test -->
