<?xml version="1.0" encoding="UTF-8"?>
<!-- Generated by org.testng.reporters.JUnitXMLReporter -->
<testsuite ignored="2" hostname="DESKTOP-U1VNJ3I" failures="0" tests="2" name="Test" time="28.682" errors="0" timestamp="2023-02-20T16:46:53 IST">
  <testcase classname="com.nop.testLayer.RegisterPageTest" name="registerWithValidPwd" time="3.46"/>
  <testcase classname="com.nop.testLayer.RegisterPageTest" name="registerWithValidPwd2" time="3.9"/>
  <testcase classname="com.nop.baseTest4.BaseTest4" name="@BeforeTest start" time="0.0">
    <ignored/>
  </testcase> <!-- @BeforeTest start -->
  <testcase classname="com.nop.baseTest4.BaseTest4" name="@AfterTest finish" time="0.0">
    <ignored/>
  </testcase> <!-- @AfterTest finish -->
</testsuite> <!-- Test -->
