<?xml version="1.0" encoding="UTF-8"?>
<testng-results ignored="2" total="4" passed="2" failed="0" skipped="0">
  <reporter-output>
  </reporter-output>
  <suite started-at="2023-02-20T16:46:24 IST" name="Suite" finished-at="2023-02-20T16:46:53 IST" duration-ms="28682">
    <groups>
    </groups>
    <test started-at="2023-02-20T16:46:24 IST" name="Test" finished-at="2023-02-20T16:46:53 IST" duration-ms="28682">
      <class name="com.nop.baseTest4.BaseTest4">
        <test-method is-config="true" signature="start()[pri:0, instance:com.nop.baseTest4.BaseTest4@7dc19a70]" started-at="2023-02-20T16:46:24 IST" name="start" finished-at="2023-02-20T16:46:24 IST" duration-ms="174" status="PASS">
          <reporter-output>
          </reporter-output>
        </test-method> <!-- start -->
        <test-method is-config="true" signature="finish()[pri:0, instance:com.nop.baseTest4.BaseTest4@7dc19a70]" started-at="2023-02-20T16:46:53 IST" name="finish" finished-at="2023-02-20T16:46:53 IST" duration-ms="3" status="PASS">
          <reporter-output>
          </reporter-output>
        </test-method> <!-- finish -->
      </class> <!-- com.nop.baseTest4.BaseTest4 -->
      <class name="com.nop.testLayer.RegisterPageTest">
        <test-method is-config="true" signature="launchApplication()[pri:0, instance:com.nop.testLayer.RegisterPageTest@7dc3712]" started-at="2023-02-20T16:46:24 IST" name="launchApplication" finished-at="2023-02-20T16:46:35 IST" duration-ms="10773" status="PASS">
          <reporter-output>
          </reporter-output>
        </test-method> <!-- launchApplication -->
        <test-method signature="registerWithValidPwd()[pri:0, instance:com.nop.testLayer.RegisterPageTest@7dc3712]" started-at="2023-02-20T16:46:35 IST" name="registerWithValidPwd" finished-at="2023-02-20T16:46:38 IST" duration-ms="3460" status="PASS">
          <reporter-output>
          </reporter-output>
        </test-method> <!-- registerWithValidPwd -->
        <test-method is-config="true" signature="tearDown()[pri:0, instance:com.nop.testLayer.RegisterPageTest@7dc3712]" started-at="2023-02-20T16:46:38 IST" name="tearDown" finished-at="2023-02-20T16:46:38 IST" duration-ms="2" status="PASS">
          <reporter-output>
          </reporter-output>
        </test-method> <!-- tearDown -->
        <test-method is-config="true" signature="launchApplication()[pri:0, instance:com.nop.testLayer.RegisterPageTest@7dc3712]" started-at="2023-02-20T16:46:38 IST" name="launchApplication" finished-at="2023-02-20T16:46:49 IST" duration-ms="10253" status="PASS">
          <reporter-output>
          </reporter-output>
        </test-method> <!-- launchApplication -->
        <test-method signature="registerWithValidPwd2()[pri:0, instance:com.nop.testLayer.RegisterPageTest@7dc3712]" started-at="2023-02-20T16:46:49 IST" name="registerWithValidPwd2" finished-at="2023-02-20T16:46:53 IST" duration-ms="3900" status="PASS">
          <reporter-output>
          </reporter-output>
        </test-method> <!-- registerWithValidPwd2 -->
        <test-method is-config="true" signature="tearDown()[pri:0, instance:com.nop.testLayer.RegisterPageTest@7dc3712]" started-at="2023-02-20T16:46:53 IST" name="tearDown" finished-at="2023-02-20T16:46:53 IST" duration-ms="5" status="PASS">
          <reporter-output>
          </reporter-output>
        </test-method> <!-- tearDown -->
      </class> <!-- com.nop.testLayer.RegisterPageTest -->
    </test> <!-- Test -->
  </suite> <!-- Suite -->
</testng-results>
